<?xml version="1.0" encoding="UTF-8"?>
<dataset>

	<!-- HELP -->
	<HELP guid="11-111" optlock="0" item_id="cg" product_name="productName" tenant_id="default" />
	<HELP guid="22-222" optlock="0" item_id="helpWithoutPortal" product_name="productName"  tenant_id="default" />
	<HELP guid="DELETE_1" optlock="0" item_id="toDelete" product_name="productName" tenant_id="default" />

</dataset>
